0 info it worked if it ends with ok
1 verbose cli [ '/Users/Jcompsta/.nvm/versions/node/v6.6.0/bin/node',
1 verbose cli   '/Users/Jcompsta/.nvm/versions/node/v6.6.0/bin/npm',
1 verbose cli   'start' ]
2 info using npm@3.10.3
3 info using node@v6.6.0
4 verbose run-script [ 'prestart', 'start', 'poststart' ]
5 info lifecycle TRANSMORGI@1.0.0~prestart: TRANSMORGI@1.0.0
6 silly lifecycle TRANSMORGI@1.0.0~prestart: no script for prestart, continuing
7 info lifecycle TRANSMORGI@1.0.0~start: TRANSMORGI@1.0.0
8 verbose lifecycle TRANSMORGI@1.0.0~start: unsafe-perm in lifecycle true
9 verbose lifecycle TRANSMORGI@1.0.0~start: PATH: /Users/Jcompsta/.nvm/versions/node/v6.6.0/lib/node_modules/npm/bin/node-gyp-bin:/Users/Jcompsta/temp/transmorgify/node_modules/.bin:/Users/Jcompsta/.nvm/versions/node/v6.6.0/bin:/Library/Frameworks/Python.framework/Versions/3.6/bin:/Library/Frameworks/Python.framework/Versions/3.5/bin:/Users/Jcompsta/.nvm/versions/node/v6.6.0/bin:/usr/local/bin:/usr/bin:/bin:/usr/sbin:/sbin:/Users/Jcompsta/.nvm/versions/node/v6.6.0/bin
10 verbose lifecycle TRANSMORGI@1.0.0~start: CWD: /Users/Jcompsta/temp/transmorgify
11 silly lifecycle TRANSMORGI@1.0.0~start: Args: [ '-c', 'node server/app.js' ]
12 silly lifecycle TRANSMORGI@1.0.0~start: Returned: code: 1  signal: null
13 info lifecycle TRANSMORGI@1.0.0~start: Failed to exec start script
14 verbose stack Error: TRANSMORGI@1.0.0 start: `node server/app.js`
14 verbose stack Exit status 1
14 verbose stack     at EventEmitter.<anonymous> (/Users/Jcompsta/.nvm/versions/node/v6.6.0/lib/node_modules/npm/lib/utils/lifecycle.js:242:16)
14 verbose stack     at emitTwo (events.js:106:13)
14 verbose stack     at EventEmitter.emit (events.js:191:7)
14 verbose stack     at ChildProcess.<anonymous> (/Users/Jcompsta/.nvm/versions/node/v6.6.0/lib/node_modules/npm/lib/utils/spawn.js:40:14)
14 verbose stack     at emitTwo (events.js:106:13)
14 verbose stack     at ChildProcess.emit (events.js:191:7)
14 verbose stack     at maybeClose (internal/child_process.js:877:16)
14 verbose stack     at Process.ChildProcess._handle.onexit (internal/child_process.js:226:5)
15 verbose pkgid TRANSMORGI@1.0.0
16 verbose cwd /Users/Jcompsta/temp/transmorgify
17 error Darwin 16.5.0
18 error argv "/Users/Jcompsta/.nvm/versions/node/v6.6.0/bin/node" "/Users/Jcompsta/.nvm/versions/node/v6.6.0/bin/npm" "start"
19 error node v6.6.0
20 error npm  v3.10.3
21 error code ELIFECYCLE
22 error TRANSMORGI@1.0.0 start: `node server/app.js`
22 error Exit status 1
23 error Failed at the TRANSMORGI@1.0.0 start script 'node server/app.js'.
23 error Make sure you have the latest version of node.js and npm installed.
23 error If you do, this is most likely a problem with the TRANSMORGI package,
23 error not with npm itself.
23 error Tell the author that this fails on your system:
23 error     node server/app.js
23 error You can get information on how to open an issue for this project with:
23 error     npm bugs TRANSMORGI
23 error Or if that isn't available, you can get their info via:
23 error     npm owner ls TRANSMORGI
23 error There is likely additional logging output above.
24 verbose exit [ 1, true ]
